This is pdfTeXk, Version 3.141592-1.40.3 (Web2C 7.5.6) (format=latex 2008.10.17)  5 JAN 2009 08:52
entering extended mode
 %&-line parsing enabled.
**\nonstopmode\input plot.tex
(./plot.tex (/usr/share/texmf-texlive/tex/latex/base/article.cls
Document Class: article 2005/09/16 v1.4f Standard LaTeX document class
(/usr/share/texmf-texlive/tex/latex/base/size10.clo
File: size10.clo 2005/09/16 v1.4f Standard LaTeX file (size option)
)
\c@part=\count79
\c@section=\count80
\c@subsection=\count81
\c@subsubsection=\count82
\c@paragraph=\count83
\c@subparagraph=\count84
\c@figure=\count85
\c@table=\count86
\abovecaptionskip=\skip41
\belowcaptionskip=\skip42
\bibindent=\dimen102
)
(/usr/share/texmf-texlive/tex/latex/preprint/fullpage.sty
Package: fullpage 1999/02/23 1.1 (PWD)
\FP@margin=\skip43
)
(/usr/share/texmf-texlive/tex/latex/graphics/graphicx.sty
Package: graphicx 1999/02/16 v1.0f Enhanced LaTeX Graphics (DPC,SPQR)

(/usr/share/texmf-texlive/tex/latex/graphics/keyval.sty
Package: keyval 1999/03/16 v1.13 key=value parser (DPC)
\KV@toks@=\toks14
)
(/usr/share/texmf-texlive/tex/latex/graphics/graphics.sty
Package: graphics 2006/02/20 v1.0o Standard LaTeX Graphics (DPC,SPQR)

(/usr/share/texmf-texlive/tex/latex/graphics/trig.sty
Package: trig 1999/03/16 v1.09 sin cos tan (DPC)
)
(/etc/texmf/tex/latex/config/graphics.cfg
File: graphics.cfg 2007/01/18 v1.5 graphics configuration of teTeX/TeXLive
)
Package graphics Info: Driver file: dvips.def on input line 90.

(/usr/share/texmf-texlive/tex/latex/graphics/dvips.def
File: dvips.def 1999/02/16 v3.0i Driver-dependant file (DPC,SPQR)
))
\Gin@req@height=\dimen103
\Gin@req@width=\dimen104
) (./plot.aux)
\openout1 = `plot.aux'.

LaTeX Font Info:    Checking defaults for OML/cmm/m/it on input line 8.
LaTeX Font Info:    ... okay on input line 8.
LaTeX Font Info:    Checking defaults for T1/cmr/m/n on input line 8.
LaTeX Font Info:    ... okay on input line 8.
LaTeX Font Info:    Checking defaults for OT1/cmr/m/n on input line 8.
LaTeX Font Info:    ... okay on input line 8.
LaTeX Font Info:    Checking defaults for OMS/cmsy/m/n on input line 8.
LaTeX Font Info:    ... okay on input line 8.
LaTeX Font Info:    Checking defaults for OMX/cmex/m/n on input line 8.
LaTeX Font Info:    ... okay on input line 8.
LaTeX Font Info:    Checking defaults for U/cmr/m/n on input line 8.
LaTeX Font Info:    ... okay on input line 8.
LaTeX Font Info:    External font `cmex10' loaded for size
(Font)              <12> on input line 9.
LaTeX Font Info:    External font `cmex10' loaded for size
(Font)              <8> on input line 9.
LaTeX Font Info:    External font `cmex10' loaded for size
(Font)              <6> on input line 9.


LaTeX Warning: No \author given.

File: BFPSDD-time.eps Graphic file (type eps)
<BFPSDD-time.eps>
File: KBFS-time.eps Graphic file (type eps)
 <KBFS-time.eps>
File: PBNF-time-min=80.eps Graphic file (type eps)
 <PBNF-time-min=80.eps>
File: PBNF-time-min=120.eps Graphic file (type eps)

<PBNF-time-min=120.eps>
File: PBNF-time-min=180.eps Graphic file (type eps)
 <PBNF-time-min=180.eps>
File: PBNF-time-min=200.eps Graphic file (type eps)
 <PBNF-time-min=200.eps>
File: PBNF-time-min=256.eps Graphic file (type eps)

<PBNF-time-min=256.eps>
File: PBNF-time.eps Graphic file (type eps)
 <PBNF-time.eps>
File: PRASTAR-time.eps Graphic file (type eps)
 <PRASTAR-time.eps>
File: PSDD-time.eps Graphic file (type eps)
 <PSDD-time.eps>
File: SAFEPBNF-time-min=100.eps Graphic file (type eps)

<SAFEPBNF-time-min=100.eps>
File: SAFEPBNF-time-min=120.eps Graphic file (type eps)
 <SAFEPBNF-time-min=120.eps>
File: SAFEPBNF-time-min=180.eps Graphic file (type eps)

<SAFEPBNF-time-min=180.eps>
File: SAFEPBNF-time-min=200.eps Graphic file (type eps)
 <SAFEPBNF-time-min=200.eps>
File: SAFEPBNF-time-min=256.eps Graphic file (type eps)

<SAFEPBNF-time-min=256.eps>
File: SAFEPBNF-time.eps Graphic file (type eps)
 <SAFEPBNF-time.eps>
File: ALL-time.eps Graphic file (type eps)
 <ALL-time.eps> [1

] [2] [3]
[4] [5] [6] [7] [8] (./plot.aux) ) 
Here is how much of TeX's memory you used:
 587 strings out of 95087
 7210 string characters out of 1183214
 52514 words of memory out of 1500000
 3795 multiletter control sequences out of 10000+50000
 6675 words of font info for 24 fonts, out of 1200000 for 2000
 28 hyphenation exceptions out of 8191
 25i,6n,19p,200b,284s stack positions out of 5000i,500n,6000p,200000b,5000s

Output written on plot.dvi (8 pages, 2592 bytes).
