# Tue Oct 28 14:34:01 EDT 2008
# c0.cs.unh.edu 2.6.26.3-29.fc9.x86_64 x86_64 GNU/Linux
# Board: grid/jordan_unit_four-way_1200x2000_2
# Average over 5 runs
# time (sec)      threads         weight          nblocks/thread 
  2.1960          1               1.10            1              
  2.2340          1               1.10            2              
  2.2440          1               1.10            3              
  2.2620          1               1.10            4              
  2.2660          1               1.10            5              
  2.2820          1               1.10            6              
  2.2940          1               1.10            7              
  2.3060          1               1.10            8              
  2.3300          1               1.10            9              
  2.4000          1               1.20            1              
  2.4320          1               1.20            2              
  2.4480          1               1.20            3              
  2.4980          1               1.20            4              
  2.4560          1               1.20            5              
  2.5200          1               1.20            6              
  2.5360          1               1.20            7              
  2.4920          1               1.20            8              
  2.5000          1               1.20            9              
  2.4460          1               1.30            1              
  2.4500          1               1.30            2              
  2.5220          1               1.30            3              
  2.4880          1               1.30            4              
  2.5200          1               1.30            5              
  2.5140          1               1.30            6              
  2.5060          1               1.30            7              
  2.5060          1               1.30            8              
  2.5200          1               1.30            9              
  2.5780          1               1.40            1              
  2.6480          1               1.40            2              
  2.6600          1               1.40            3              
  2.6400          1               1.40            4              
  2.6800          1               1.40            5              
  2.6580          1               1.40            6              
  2.6760          1               1.40            7              
  2.6960          1               1.40            8              
  2.7080          1               1.40            9              
  2.6800          1               1.50            1              
  2.7260          1               1.50            2              
  2.7880          1               1.50            3              
  2.7820          1               1.50            4              
  2.8000          1               1.50            5              
  2.8160          1               1.50            6              
  2.8280          1               1.50            7              
  2.8440          1               1.50            8              
  2.8520          1               1.50            9              
  2.2720          2               1.10            1              
  2.3340          2               1.10            2              
  2.0400          2               1.10            3              
  1.9360          2               1.10            4              
  1.9480          2               1.10            5              
  2.0060          2               1.10            6              
  2.0480          2               1.10            7              
  2.0680          2               1.10            8              
  2.1340          2               1.10            9              
  2.4740          2               1.20            1              
  2.5600          2               1.20            2              
  2.1960          2               1.20            3              
  2.1400          2               1.20            4              
  2.0960          2               1.20            5              
  2.1300          2               1.20            6              
  2.1820          2               1.20            7              
  2.2120          2               1.20            8              
  2.2580          2               1.20            9              
  2.4960          2               1.30            1              
  2.5480          2               1.30            2              
  2.2100          2               1.30            3              
  2.1340          2               1.30            4              
  2.0700          2               1.30            5              
  2.1360          2               1.30            6              
  2.2160          2               1.30            7              
  2.2320          2               1.30            8              
  2.2740          2               1.30            9              
  2.6500          2               1.40            1              
  2.7080          2               1.40            2              
  2.2620          2               1.40            3              
  2.2340          2               1.40            4              
  2.1940          2               1.40            5              
  2.2180          2               1.40            6              
  2.2880          2               1.40            7              
  2.2360          2               1.40            8              
  2.3740          2               1.40            9              
  2.7600          2               1.50            1              
  2.8580          2               1.50            2              
  2.3800          2               1.50            3              
  2.3600          2               1.50            4              
  2.2840          2               1.50            5              
  2.3060          2               1.50            6              
  2.3920          2               1.50            7              
  2.4080          2               1.50            8              
  2.4960          2               1.50            9              
  2.3500          3               1.10            1              
  2.1200          3               1.10            2              
  1.8060          3               1.10            3              
  1.7220          3               1.10            4              
  1.8280          3               1.10            5              
  1.9660          3               1.10            6              
  2.0640          3               1.10            7              
  2.1540          3               1.10            8              
  2.3380          3               1.10            9              
  2.5680          3               1.20            1              
  2.3020          3               1.20            2              
  2.0680          3               1.20            3              
  1.8680          3               1.20            4              
  1.9560          3               1.20            5              
  2.0280          3               1.20            6              
  2.0960          3               1.20            7              
  2.2140          3               1.20            8              
  2.3000          3               1.20            9              
  2.5560          3               1.30            1              
  2.3240          3               1.30            2              
  2.0480          3               1.30            3              
  1.8580          3               1.30            4              
  1.8920          3               1.30            5              
  2.0580          3               1.30            6              
  2.0760          3               1.30            7              
  2.2040          3               1.30            8              
  2.2980          3               1.30            9              
  2.7160          3               1.40            1              
  2.3840          3               1.40            2              
  2.1000          3               1.40            3              
  1.9720          3               1.40            4              
  2.0120          3               1.40            5              
  2.0560          3               1.40            6              
  2.1120          3               1.40            7              
  2.2400          3               1.40            8              
  2.2860          3               1.40            9              
  2.9020          3               1.50            1              
  2.4780          3               1.50            2              
  2.2180          3               1.50            3              
  2.0860          3               1.50            4              
  2.1220          3               1.50            5              
  2.1840          3               1.50            6              
  2.2760          3               1.50            7              
  2.3200          3               1.50            8              
  2.4120          3               1.50            9              
  2.4500          4               1.10            1              
  2.2120          4               1.10            2              
  1.8360          4               1.10            3              
  1.6960          4               1.10            4              
  1.9120          4               1.10            5              
  2.0680          4               1.10            6              
  2.1680          4               1.10            7              
  2.4340          4               1.10            8              
  2.7000          4               1.10            9              
  2.6420          4               1.20            1              
  2.3640          4               1.20            2              
  1.8820          4               1.20            3              
  1.8340          4               1.20            4              
  1.9560          4               1.20            5              
  2.1820          4               1.20            6              
  2.2040          4               1.20            7              
  2.5200          4               1.20            8              
  2.6480          4               1.20            9              
  2.7140          4               1.30            1              
  2.3420          4               1.30            2              
  1.9640          4               1.30            3              
  1.7540          4               1.30            4              
  1.9260          4               1.30            5              
  2.1060          4               1.30            6              
  2.1020          4               1.30            7              
  2.3660          4               1.30            8              
  2.5760          4               1.30            9              
  2.8300          4               1.40            1              
  2.4800          4               1.40            2              
  1.9980          4               1.40            3              
  1.8600          4               1.40            4              
  2.0240          4               1.40            5              
  2.1160          4               1.40            6              
  2.2580          4               1.40            7              
  2.4480          4               1.40            8              
  2.7580          4               1.40            9              
  2.9820          4               1.50            1              
  2.5880          4               1.50            2              
  2.1040          4               1.50            3              
  1.9040          4               1.50            4              
  2.1060          4               1.50            5              
  2.2360          4               1.50            6              
  2.2700          4               1.50            7              
  2.4960          4               1.50            8              
  2.7060          4               1.50            9              
  2.6240          5               1.10            1              
  1.8800          5               1.10            2              
  1.8800          5               1.10            3              
  1.9120          5               1.10            4              
  2.1200          5               1.10            5              
  2.4160          5               1.10            6              
  2.7900          5               1.10            7              
  3.0820          5               1.10            8              
  3.2920          5               1.10            9              
  2.8560          5               1.20            1              
  2.0000          5               1.20            2              
  1.9820          5               1.20            3              
  1.9460          5               1.20            4              
  2.0480          5               1.20            5              
  2.3900          5               1.20            6              
  2.8220          5               1.20            7              
  3.0080          5               1.20            8              
  3.4140          5               1.20            9              
  2.8240          5               1.30            1              
  1.9800          5               1.30            2              
  1.9940          5               1.30            3              
  1.9040          5               1.30            4              
  2.1040          5               1.30            5              
  2.4660          5               1.30            6              
  2.7860          5               1.30            7              
  3.0720          5               1.30            8              
  3.4120          5               1.30            9              
  2.9460          5               1.40            1              
  2.0260          5               1.40            2              
  2.0200          5               1.40            3              
  1.9660          5               1.40            4              
  2.1920          5               1.40            5              
  2.4120          5               1.40            6              
  2.6560          5               1.40            7              
  2.9980          5               1.40            8              
  3.4120          5               1.40            9              
  3.1960          5               1.50            1              
  2.1500          5               1.50            2              
  2.1440          5               1.50            3              
  2.0860          5               1.50            4              
  2.1260          5               1.50            5              
  2.5080          5               1.50            6              
  2.7540          5               1.50            7              
  3.0540          5               1.50            8              
  3.4400          5               1.50            9              
  2.2580          6               1.10            1              
  1.9920          6               1.10            2              
  1.9760          6               1.10            3              
  2.2180          6               1.10            4              
  2.5180          6               1.10            5              
  2.7660          6               1.10            6              
  3.1660          6               1.10            7              
  3.5120          6               1.10            8              
  3.8160          6               1.10            9              
  2.3800          6               1.20            1              
  2.1160          6               1.20            2              
  2.0120          6               1.20            3              
  2.1580          6               1.20            4              
  2.4560          6               1.20            5              
  2.8920          6               1.20            6              
  3.1620          6               1.20            7              
  3.6020          6               1.20            8              
  3.8620          6               1.20            9              
  2.4120          6               1.30            1              
  2.0740          6               1.30            2              
  2.0580          6               1.30            3              
  2.1220          6               1.30            4              
  2.4540          6               1.30            5              
  2.8320          6               1.30            6              
  3.1720          6               1.30            7              
  3.5640          6               1.30            8              
  3.9340          6               1.30            9              
  2.5040          6               1.40            1              
  2.1980          6               1.40            2              
  2.0120          6               1.40            3              
  2.0780          6               1.40            4              
  2.4720          6               1.40            5              
  2.8620          6               1.40            6              
  3.1980          6               1.40            7              
  3.6020          6               1.40            8              
  3.9160          6               1.40            9              
  2.5540          6               1.50            1              
  2.2520          6               1.50            2              
  2.0820          6               1.50            3              
  2.1980          6               1.50            4              
  2.4180          6               1.50            5              
  2.8100          6               1.50            6              
  3.2460          6               1.50            7              
  3.6780          6               1.50            8              
  4.0080          6               1.50            9              
  2.0960          7               1.10            1              
  2.1100          7               1.10            2              
  2.2800          7               1.10            3              
  2.4920          7               1.10            4              
  2.9020          7               1.10            5              
  3.2400          7               1.10            6              
  3.6040          7               1.10            7              
  3.9320          7               1.10            8              
  4.1940          7               1.10            9              
  2.2400          7               1.20            1              
  2.1640          7               1.20            2              
  2.2300          7               1.20            3              
  2.4620          7               1.20            4              
  2.8800          7               1.20            5              
  3.2660          7               1.20            6              
  3.6660          7               1.20            7              
  4.0320          7               1.20            8              
  4.3940          7               1.20            9              
  2.2360          7               1.30            1              
  2.1760          7               1.30            2              
  2.2340          7               1.30            3              
  2.4440          7               1.30            4              
  2.8960          7               1.30            5              
  3.2560          7               1.30            6              
  3.7020          7               1.30            7              
  4.0940          7               1.30            8              
  4.2940          7               1.30            9              
  2.3420          7               1.40            1              
  2.2280          7               1.40            2              
  2.2260          7               1.40            3              
  2.4420          7               1.40            4              
  2.8800          7               1.40            5              
  3.2740          7               1.40            6              
  3.7400          7               1.40            7              
  4.1420          7               1.40            8              
  4.4320          7               1.40            9              
  2.4700          7               1.50            1              
  2.2960          7               1.50            2              
  2.2640          7               1.50            3              
  2.4560          7               1.50            4              
  2.9240          7               1.50            5              
  3.3020          7               1.50            6              
  3.8040          7               1.50            7              
  4.2060          7               1.50            8              
  4.5220          7               1.50            9              
  2.2640          8               1.10            1              
  2.2120          8               1.10            2              
  2.5200          8               1.10            3              
  2.8120          8               1.10            4              
  3.1500          8               1.10            5              
  3.5460          8               1.10            6              
  3.8300          8               1.10            7              
  4.0760          8               1.10            8              
  4.4180          8               1.10            9              
  2.4560          8               1.20            1              
  2.2080          8               1.20            2              
  2.5220          8               1.20            3              
  2.8040          8               1.20            4              
  3.1920          8               1.20            5              
  3.6320          8               1.20            6              
  4.0720          8               1.20            7              
  4.5100          8               1.20            8              
  4.6120          8               1.20            9              
  2.4680          8               1.30            1              
  2.3380          8               1.30            2              
  2.5860          8               1.30            3              
  2.8740          8               1.30            4              
  3.1920          8               1.30            5              
  3.6060          8               1.30            6              
  4.0040          8               1.30            7              
  4.4480          8               1.30            8              
  4.8440          8               1.30            9              
  2.5420          8               1.40            1              
  2.2280          8               1.40            2              
  2.5240          8               1.40            3              
  2.8200          8               1.40            4              
  3.2220          8               1.40            5              
  3.6600          8               1.40            6              
  4.0300          8               1.40            7              
  4.3360          8               1.40            8              
  4.7540          8               1.40            9              
  2.7140          8               1.50            1              
  2.2260          8               1.50            2              
  2.5280          8               1.50            3              
  2.8500          8               1.50            4              
  3.2620          8               1.50            5              
  3.6960          8               1.50            6              
  4.1560          8               1.50            7              
  4.5340          8               1.50            8              
  5.0900          8               1.50            9              
