Fri Jan 30 13:33:33 EST 2009
SPECIFICATION Prog

CONSTANTS
	nnblocks = 12
	nprocs = 3
	none = none
	search = search
	nextblock = nextblock

INVARIANTS
	TypeInv

PROPERTIES
	HotNblocks

java version "1.6.0_0"
OpenJDK  Runtime Environment (build 1.6.0_0-b11)
OpenJDK 64-Bit Server VM (build 1.6.0_0-b11, mixed mode)

TLC2 Version 2.01 of February 23, 2008
Model-checking
Parsing file HotNblocks.tla
Parsing file /home/rai/eaburns/lib/tla/tla2sany/StandardModules/FiniteSets.tla
Parsing file /home/rai/eaburns/lib/tla/tla2sany/StandardModules/Naturals.tla
Parsing file /home/rai/eaburns/lib/tla/tla2sany/StandardModules/Sequences.tla
Semantic processing of module Naturals
Semantic processing of module Sequences
Semantic processing of module FiniteSets
Semantic processing of module HotNblocks
Implied-temporal checking--satisfiability problem has 12 branches.
Finished computing initial states: 1 distinct state generated.
Progress(4): 1095 states generated, 631 distinct states found, 558 states left on queue.
Progress(5): 11178 states generated, 3792 distinct states found, 2905 states left on queue.
Progress(6): 21565 states generated, 6465 distinct states found, 4691 states left on queue.
Progress(6): 30933 states generated, 8129 distinct states found, 5526 states left on queue.
Progress(6): 38153 states generated, 9667 distinct states found, 6359 states left on queue.
Progress(6): 45143 states generated, 11147 distinct states found, 7153 states left on queue.
--Checking temporal properties for the current state space...
--Checkpointing of run /home/rai/eaburns/tmp/states/09-01-30-13-33-33 completed.
Progress(6): 52507 states generated, 12724 distinct states found, 7990 states left on queue.
Progress(6): 59478 states generated, 14204 distinct states found, 8781 states left on queue.
Progress(6): 66845 states generated, 15693 distinct states found, 9537 states left on queue.
Progress(6): 74532 states generated, 17009 distinct states found, 9965 states left on queue.
Progress(6): 79705 states generated, 17490 distinct states found, 10030 states left on queue.
Progress(7): 85505 states generated, 18216 distinct states found, 10218 states left on queue.
--Checkpointing of run /home/rai/eaburns/tmp/states/09-01-30-13-33-33 completed.
Progress(7): 94119 states generated, 19747 distinct states found, 10647 states left on queue.
Progress(7): 102605 states generated, 21218 distinct states found, 11031 states left on queue.
Progress(7): 111226 states generated, 22700 distinct states found, 11415 states left on queue.
Progress(7): 119657 states generated, 23966 distinct states found, 11598 states left on queue.
Progress(7): 128363 states generated, 25252 distinct states found, 11772 states left on queue.
Progress(7): 136584 states generated, 26380 distinct states found, 11854 states left on queue.
--Checking temporal properties for the current state space...
--Checkpointing of run /home/rai/eaburns/tmp/states/09-01-30-13-33-33 completed.
Progress(7): 143669 states generated, 27201 distinct states found, 11785 states left on queue.
Progress(8): 150585 states generated, 27975 distinct states found, 11656 states left on queue.
Progress(7): 157601 states generated, 29190 distinct states found, 11962 states left on queue.
Progress(8): 164357 states generated, 30013 distinct states found, 12012 states left on queue.
Progress(8): 169423 states generated, 30469 distinct states found, 11809 states left on queue.
Progress(8): 174932 states generated, 31152 distinct states found, 11763 states left on queue.
--Checkpointing of run /home/rai/eaburns/tmp/states/09-01-30-13-33-33 completed.
Progress(8): 180381 states generated, 31981 distinct states found, 11838 states left on queue.
Progress(8): 185572 states generated, 32501 distinct states found, 11659 states left on queue.
Progress(8): 190733 states generated, 32953 distinct states found, 11436 states left on queue.
Progress(8): 196429 states generated, 33764 distinct states found, 11473 states left on queue.
Progress(8): 201656 states generated, 34411 distinct states found, 11402 states left on queue.
Progress(8): 206679 states generated, 34765 distinct states found, 11104 states left on queue.
--Checkpointing of run /home/rai/eaburns/tmp/states/09-01-30-13-33-33 completed.
Progress(8): 211501 states generated, 34999 distinct states found, 10735 states left on queue.
Progress(8): 216313 states generated, 35400 distinct states found, 10517 states left on queue.
Progress(8): 220728 states generated, 35735 distinct states found, 10271 states left on queue.
Progress(8): 225866 states generated, 36023 distinct states found, 9896 states left on queue.
Progress(8): 230808 states generated, 36179 distinct states found, 9453 states left on queue.
Progress(8): 236469 states generated, 36645 distinct states found, 9169 states left on queue.
--Checkpointing of run /home/rai/eaburns/tmp/states/09-01-30-13-33-33 completed.
Progress(8): 241259 states generated, 36955 distinct states found, 8881 states left on queue.
Progress(8): 246815 states generated, 37494 distinct states found, 8555 states left on queue.
Progress(8): 251010 states generated, 37591 distinct states found, 8261 states left on queue.
Progress(8): 255224 states generated, 37631 distinct states found, 7922 states left on queue.
Progress(9): 260385 states generated, 38040 distinct states found, 7674 states left on queue.
Progress(9): 267412 states generated, 39034 distinct states found, 7360 states left on queue.
--Checkpointing of run /home/rai/eaburns/tmp/states/09-01-30-13-33-33 completed.
Progress(9): 274846 states generated, 40138 distinct states found, 7126 states left on queue.
Progress(9): 281860 states generated, 41089 distinct states found, 6751 states left on queue.
Progress(9): 289052 states generated, 42074 distinct states found, 6427 states left on queue.
Progress(9): 295723 states generated, 42782 distinct states found, 5931 states left on queue.
Progress(10): 301081 states generated, 43108 distinct states found, 5311 states left on queue.
Progress(10): 305858 states generated, 43269 distinct states found, 4647 states left on queue.
--Checkpointing of run /home/rai/eaburns/tmp/states/09-01-30-13-33-33 completed.
Progress(10): 310614 states generated, 43430 distinct states found, 3986 states left on queue.
Progress(10): 315370 states generated, 43585 distinct states found, 3318 states left on queue.
Progress(10): 320044 states generated, 43734 distinct states found, 2651 states left on queue.
Progress(10): 324735 states generated, 43855 distinct states found, 1968 states left on queue.
Progress(10): 329336 states generated, 43933 distinct states found, 1265 states left on queue.
Progress(10): 333190 states generated, 43945 distinct states found, 803 states left on queue.
--Checkpointing of run /home/rai/eaburns/tmp/states/09-01-30-13-33-33 completed.
Progress(10): 336785 states generated, 43945 distinct states found, 401 states left on queue.
Progress(10): 340408 states generated, 43945 distinct states found, 1 states left on queue.
--Checking temporal properties for the complete state space...
Model checking completed. No error has been found.
  Estimates of the probability that TLC did not check all reachable states
  because two distinct states had the same fingerprint:
    calculated (optimistic):  7.062743423956463E-10
    based on the actual fingerprints:  4.547468631258771E-12
340417 states generated, 43945 distinct states found, 0 states left on queue.
The depth of the complete state graph search is 10.

real	275m42.776s
user	479m49.175s
sys	3m50.394s
Fri Jan 30 18:09:15 EST 2009
